08:10:38.076 [main] INFO  api.test.UserTests - ********** Creating user  ***************
08:10:42.723 [main] INFO  api.test.UserTests - **********User is creatged  ***************
08:10:42.765 [main] INFO  api.test.UserTests - ********** Reading User Info ***************
08:10:44.063 [main] INFO  api.test.UserTests - **********User info  is displayed ***************
08:10:44.088 [main] INFO  api.test.UserTests - ********** Updating User ***************
08:10:45.327 [main] INFO  api.test.UserTests - ********** User updated ***************
08:10:46.608 [main] INFO  api.test.UserTests - **********   Deleting User  ***************
08:10:47.826 [main] INFO  api.test.UserTests - ********** User deleted ***************
08:11:56.752 [main] INFO  api.test.UserTests - ********** Creating user  ***************
08:12:01.470 [main] INFO  api.test.UserTests - **********User is creatged  ***************
08:12:01.506 [main] INFO  api.test.UserTests - ********** Reading User Info ***************
08:12:02.838 [main] INFO  api.test.UserTests - **********User info  is displayed ***************
08:12:02.864 [main] INFO  api.test.UserTests - ********** Updating User ***************
08:12:04.117 [main] INFO  api.test.UserTests - ********** User updated ***************
08:12:05.405 [main] INFO  api.test.UserTests - **********   Deleting User  ***************
08:12:06.604 [main] INFO  api.test.UserTests - ********** User deleted ***************
08:13:05.509 [main] INFO  api.test.UserTests - ********** Creating user  ***************
08:13:10.095 [main] INFO  api.test.UserTests - **********User is creatged  ***************
08:13:10.139 [main] INFO  api.test.UserTests - ********** Reading User Info ***************
08:13:11.464 [main] INFO  api.test.UserTests - **********User info  is displayed ***************
08:13:11.481 [main] INFO  api.test.UserTests - ********** Updating User ***************
08:13:12.748 [main] INFO  api.test.UserTests - ********** User updated ***************
08:13:13.990 [main] INFO  api.test.UserTests - **********   Deleting User  ***************
08:13:15.359 [main] INFO  api.test.UserTests - ********** User deleted ***************
08:14:05.816 [main] DEBUG api.test.UserTests - debugging.....
08:14:05.841 [main] INFO  api.test.UserTests - ********** Creating user  ***************
08:14:10.248 [main] INFO  api.test.UserTests - **********User is creatged  ***************
08:14:10.284 [main] INFO  api.test.UserTests - ********** Reading User Info ***************
08:14:11.592 [main] INFO  api.test.UserTests - **********User info  is displayed ***************
08:14:11.626 [main] INFO  api.test.UserTests - ********** Updating User ***************
08:14:12.876 [main] INFO  api.test.UserTests - ********** User updated ***************
08:14:14.128 [main] INFO  api.test.UserTests - **********   Deleting User  ***************
08:14:15.320 [main] INFO  api.test.UserTests - ********** User deleted ***************
06:55:31.318 [main] DEBUG api.test.UserTests2 - debugging.....
06:55:31.343 [main] INFO  api.test.UserTests2 - ********** Creating user  ***************
06:55:36.372 [main] INFO  api.test.UserTests2 - **********User is creatged  ***************
06:55:36.409 [main] INFO  api.test.UserTests2 - ********** Reading User Info ***************
06:55:37.716 [main] INFO  api.test.UserTests2 - **********User info  is displayed ***************
06:55:37.732 [main] INFO  api.test.UserTests2 - ********** Updating User ***************
06:55:39.019 [main] INFO  api.test.UserTests2 - ********** User updated ***************
06:55:40.303 [main] INFO  api.test.UserTests2 - **********   Deleting User  ***************
06:55:41.565 [main] INFO  api.test.UserTests2 - ********** User deleted ***************
07:08:51.113 [main] DEBUG api.test.UserTests2 - debugging.....
07:08:51.133 [main] INFO  api.test.UserTests2 - ********** Creating user  ***************
07:08:56.049 [main] INFO  api.test.UserTests2 - **********User is creatged  ***************
07:08:56.081 [main] INFO  api.test.UserTests2 - ********** Reading User Info ***************
07:08:57.553 [main] INFO  api.test.UserTests2 - **********User info  is displayed ***************
07:08:57.561 [main] INFO  api.test.UserTests2 - ********** Updating User ***************
07:08:59.383 [main] INFO  api.test.UserTests2 - ********** User updated ***************
07:09:00.627 [main] INFO  api.test.UserTests2 - **********   Deleting User  ***************
07:09:01.879 [main] INFO  api.test.UserTests2 - ********** User deleted ***************
08:35:40.248 [main] DEBUG api.test.UserTests2 - debugging.....
08:35:40.279 [main] INFO  api.test.UserTests2 - ********** Creating user  ***************
08:35:45.653 [main] INFO  api.test.UserTests2 - **********User is creatged  ***************
08:35:45.668 [main] INFO  api.test.UserTests2 - ********** Reading User Info ***************
08:35:47.466 [main] INFO  api.test.UserTests2 - **********User info  is displayed ***************
08:35:47.481 [main] INFO  api.test.UserTests2 - ********** Updating User ***************
08:35:49.225 [main] INFO  api.test.UserTests2 - ********** User updated ***************
08:35:50.736 [main] INFO  api.test.UserTests2 - **********   Deleting User  ***************
08:35:52.165 [main] INFO  api.test.UserTests2 - ********** User deleted ***************
06:46:44.368 [main] DEBUG api.test.UserTests2 - debugging.....
06:46:44.388 [main] INFO  api.test.UserTests2 - ********** Creating user  ***************
06:46:49.176 [main] INFO  api.test.UserTests2 - **********User is creatged  ***************
06:46:49.204 [main] INFO  api.test.UserTests2 - ********** Reading User Info ***************
06:46:50.579 [main] INFO  api.test.UserTests2 - **********User info  is displayed ***************
06:46:50.591 [main] INFO  api.test.UserTests2 - ********** Updating User ***************
06:46:51.859 [main] INFO  api.test.UserTests2 - ********** User updated ***************
06:46:53.139 [main] INFO  api.test.UserTests2 - **********   Deleting User  ***************
06:46:54.397 [main] INFO  api.test.UserTests2 - ********** User deleted ***************
20:09:29.049 [main] DEBUG api.test.UserTests2 - debugging.....
20:09:29.098 [main] INFO  api.test.UserTests2 - ********** Creating user  ***************
20:09:37.139 [main] INFO  api.test.UserTests2 - **********User is creatged  ***************
20:09:37.234 [main] INFO  api.test.UserTests2 - ********** Reading User Info ***************
20:09:39.960 [main] INFO  api.test.UserTests2 - **********User info  is displayed ***************
20:09:39.965 [main] INFO  api.test.UserTests2 - ********** Updating User ***************
20:09:42.622 [main] INFO  api.test.UserTests2 - ********** User updated ***************
20:09:43.895 [main] INFO  api.test.UserTests2 - **********   Deleting User  ***************
20:09:45.002 [main] INFO  api.test.UserTests2 - ********** User deleted ***************
20:13:02.301 [main] DEBUG api.test.UserTests2 - debugging.....
20:13:02.339 [main] INFO  api.test.UserTests2 - ********** Creating user  ***************
20:13:10.634 [main] INFO  api.test.UserTests2 - **********User is creatged  ***************
20:13:10.695 [main] INFO  api.test.UserTests2 - ********** Reading User Info ***************
20:13:11.954 [main] INFO  api.test.UserTests2 - **********User info  is displayed ***************
20:13:11.957 [main] INFO  api.test.UserTests2 - ********** Updating User ***************
20:13:13.135 [main] INFO  api.test.UserTests2 - ********** User updated ***************
20:13:14.301 [main] INFO  api.test.UserTests2 - **********   Deleting User  ***************
20:13:15.505 [main] INFO  api.test.UserTests2 - ********** User deleted ***************
21:46:50.027 [main] DEBUG api.test.UserTests2 - debugging.....
21:46:50.078 [main] INFO  api.test.UserTests2 - ********** Creating user  ***************
21:46:57.485 [main] INFO  api.test.UserTests2 - **********User is creatged  ***************
21:46:57.537 [main] INFO  api.test.UserTests2 - ********** Reading User Info ***************
21:46:58.735 [main] INFO  api.test.UserTests2 - **********User info  is displayed ***************
21:46:58.747 [main] INFO  api.test.UserTests2 - ********** Updating User ***************
21:46:59.997 [main] INFO  api.test.UserTests2 - ********** User updated ***************
21:47:01.154 [main] INFO  api.test.UserTests2 - **********   Deleting User  ***************
21:47:02.286 [main] INFO  api.test.UserTests2 - ********** User deleted ***************
09:37:49.402 [main] INFO  api.bdd_test.BddCustomerXMLResponceTests - ***********Reading customer info *********
09:51:48.453 [main] INFO  api.bdd_test.BddCustomerXMLResponceTests - ***********Reading customer info *********
09:54:48.731 [main] DEBUG api.test.UserTests - debugging.....
09:54:48.771 [main] INFO  api.test.UserTests - ********** Creating user  ***************
09:54:55.717 [main] INFO  api.test.UserTests - **********User is creatged  ***************
09:54:55.736 [main] INFO  api.test.UserTests - ********** Reading User Info ***************
09:54:57.104 [main] INFO  api.test.UserTests - **********User info  is displayed ***************
09:54:57.111 [main] INFO  api.test.UserTests - ********** Updating User ***************
09:54:58.349 [main] INFO  api.test.UserTests - ********** User updated ***************
09:54:59.518 [main] INFO  api.test.UserTests - **********   Deleting User  ***************
09:55:00.762 [main] INFO  api.test.UserTests - ********** User deleted ***************
09:55:25.820 [main] INFO  api.bdd_test.BddCustomerXMLResponceTests - ***********Reading customer info *********
10:04:34.072 [main] INFO  api.bdd_test.BddCustomerXMLResponceTests - ***********Reading customer info *********
10:09:42.061 [main] INFO  api.bdd_test.BddCustomerXMLResponceTests - ***********Reading customer info *********
10:13:58.760 [main] INFO  api.bdd_test.BddCustomerXMLResponceTests - ***********Reading customer info *********
10:15:53.576 [main] INFO  api.bdd_test.BddCustomerXMLResponceTests - ***********Reading customer info *********
10:19:56.707 [main] INFO  api.bdd_test.BddCustomerXMLResponceTests - ***********Reading customer info *********
10:20:57.941 [main] INFO  api.bdd_test.BddCustomerXMLResponceTests - ***********Reading customer info *********
10:23:41.423 [main] INFO  api.bdd_test.BddCustomerXMLResponceTests - ***********Reading customer info *********
10:24:50.895 [main] INFO  api.bdd_test.BddCustomerXMLResponceTests - ***********Reading customer info *********
10:25:48.268 [main] INFO  api.bdd_test.BddCustomerXMLResponceTests - ***********Reading customer info *********
10:38:14.409 [main] INFO  api.bdd_test.BddCustomerXMLResponceTests - ***********Reading customer info *********
10:46:36.356 [main] INFO  api.bdd_test.BddCustomerXMLResponceTests - ***********Reading customer info *********
10:49:54.131 [main] INFO  api.bdd_test.BddCustomerXMLResponceTests - ***********Reading customer info *********
11:00:20.958 [main] INFO  api.bdd_test.BddCustomerXMLResponceTests - ***********Reading customer info *********
11:03:22.583 [main] INFO  api.bdd_test.BddCustomerXMLResponceTests - ***********Reading customer info *********
11:17:47.456 [main] INFO  api.bdd_test.BddCustomerXMLResponceTests - ***********Reading customer info *********
11:19:00.501 [main] INFO  api.bdd_test.BddCustomerXMLResponceTests - ***********Reading customer info *********
11:28:37.122 [main] INFO  api.bdd_test.BddCustomerXMLResponceTests - ***********Reading customer info *********
11:33:15.459 [main] INFO  api.bdd_test.BddCustomerXMLResponceTests - ***********Reading customer info *********
11:34:13.500 [main] INFO  api.bdd_test.BddCustomerXMLResponceTests - ***********Reading customer info *********
11:39:29.393 [main] INFO  api.bdd_test.BddCustomerXMLResponceTests - ***********Reading customer info *********
11:41:45.899 [main] INFO  api.bdd_test.BddCustomerXMLResponceTests - ***********Reading customer info *********
12:25:00.574 [main] INFO  api.bdd_test.BddCustomerXMLResponceTests - ***********Reading customer info *********
12:51:34.846 [main] INFO  api.bdd_test.BddCustomerXMLResponceTests - ***********Reading customer info *********
12:52:29.179 [main] INFO  api.bdd_test.BddCustomerXMLResponceTests - ***********Reading customer info *********
12:53:44.872 [main] INFO  api.bdd_test.BddCustomerXMLResponceTests - ***********Reading customer info *********
12:54:33.054 [main] INFO  api.bdd_test.BddCustomerXMLResponceTests - ***********Reading customer info *********
13:04:00.622 [main] INFO  api.bdd_test.BddCustomerXMLResponceTests - ***********Reading customer info *********
13:07:12.430 [main] INFO  api.bdd_test.BddCustomerXMLResponceTests - ***********Reading customer info *********
16:41:55.777 [main] DEBUG api.test.UserTests - debugging.....
16:41:55.840 [main] INFO  api.test.UserTests - ********** Creating user  ***************
16:42:04.557 [main] INFO  api.test.UserTests - **********User is creatged  ***************
16:42:04.588 [main] INFO  api.test.UserTests - ********** Reading User Info ***************
16:42:05.830 [main] INFO  api.test.UserTests - **********User info  is displayed ***************
16:42:05.843 [main] INFO  api.test.UserTests - ********** Updating User ***************
16:42:07.214 [main] INFO  api.test.UserTests - ********** User updated ***************
16:42:08.643 [main] INFO  api.test.UserTests - **********   Deleting User  ***************
16:42:09.881 [main] INFO  api.test.UserTests - ********** User deleted ***************
